[15-Apr-2024 16:02:12] NOTICE: fpm is running, pid 28372
[15-Apr-2024 16:02:12] NOTICE: ready to handle connections
[16-Apr-2024 10:25:17] NOTICE: Terminating ...
[16-Apr-2024 10:25:17] NOTICE: Terminating ...
[16-Apr-2024 10:25:17] NOTICE: exiting, bye-bye!
[16-Apr-2024 11:20:11] NOTICE: fpm is running, pid 62972
[16-Apr-2024 11:20:11] NOTICE: ready to handle connections
[16-Apr-2024 11:21:49] NOTICE: Terminating ...
[16-Apr-2024 11:21:49] NOTICE: Terminating ...
[16-Apr-2024 11:21:49] NOTICE: exiting, bye-bye!
[16-Apr-2024 11:43:26] NOTICE: fpm is running, pid 74605
[16-Apr-2024 11:43:26] NOTICE: ready to handle connections
[16-Apr-2024 16:33:46] NOTICE: Terminating ...
[16-Apr-2024 16:33:46] NOTICE: Terminating ...
[16-Apr-2024 16:33:46] NOTICE: exiting, bye-bye!
[16-Apr-2024 16:38:51] NOTICE: fpm is running, pid 19167
[16-Apr-2024 16:38:51] NOTICE: ready to handle connections
[16-Apr-2024 16:38:53] NOTICE: Terminating ...
[16-Apr-2024 16:38:53] NOTICE: Terminating ...
[16-Apr-2024 16:38:53] NOTICE: exiting, bye-bye!
[16-Apr-2024 17:41:10] NOTICE: fpm is running, pid 45142
[16-Apr-2024 17:41:10] NOTICE: ready to handle connections
[10-May-2024 12:56:40] NOTICE: Terminating ...
[10-May-2024 12:56:40] NOTICE: Terminating ...
[10-May-2024 12:56:40] NOTICE: exiting, bye-bye!
[13-Jul-2024 12:57:59] NOTICE: fpm is running, pid 78611
[13-Jul-2024 12:57:59] NOTICE: ready to handle connections
[13-Jul-2024 13:33:52] NOTICE: Terminating ...
[13-Jul-2024 13:33:52] NOTICE: Terminating ...
[13-Jul-2024 13:33:52] NOTICE: exiting, bye-bye!
[11-Sep-2024 15:31:10] NOTICE: fpm is running, pid 56782
[11-Sep-2024 15:31:10] NOTICE: ready to handle connections
[23-Sep-2024 15:17:31] NOTICE: Terminating ...
[23-Sep-2024 15:17:31] NOTICE: Terminating ...
[23-Sep-2024 15:17:31] NOTICE: exiting, bye-bye!
[21-Dec-2024 13:07:33] NOTICE: fpm is running, pid 45318
[21-Dec-2024 13:07:33] NOTICE: ready to handle connections
[21-Dec-2024 13:42:03] NOTICE: Terminating ...
[21-Dec-2024 13:42:03] NOTICE: Terminating ...
[21-Dec-2024 13:42:03] NOTICE: exiting, bye-bye!
[27-Dec-2024 18:02:38] NOTICE: fpm is running, pid 20074
[27-Dec-2024 18:02:38] NOTICE: ready to handle connections
